Using pre-set license
Built from '2020.2/release' branch; Version is '2020.2.1f1 (270dd8c3da1c) revision 2559448'; Using compiler version '192528614'; Build Type 'Release'
OS: 'Windows 10  (10.0.0) 64bit' Language: 'en' Physical Memory: 16282 MB
BatchMode: 1, IsHumanControllingUs: 0, StartBugReporterOnCrash: 0, Is64bit: 1, IsPro: 0

 COMMAND LINE ARGUMENTS:
C:\Program Files\Unity\Hub\Editor\2020.2.1f1\Editor\Unity.exe
-adb2
-batchMode
-noUpm
-name
AssetImportWorker0
-projectPath
C:/Users/bmhen/Documents/HomeWork/Game_prog_1/Class_FPS/FPS
-logFile
Logs/AssetImportWorker0.log
-srvPort
56719
Successfully changed project path to: C:/Users/bmhen/Documents/HomeWork/Game_prog_1/Class_FPS/FPS
C:/Users/bmhen/Documents/HomeWork/Game_prog_1/Class_FPS/FPS
Using Asset Import Pipeline V2.
Refreshing native plugins compatible for Editor in 49.77 ms, found 0 plugins.
Preloading 0 native plugins for Editor in 0.00 ms.
Initialize engine version: 2020.2.1f1 (270dd8c3da1c)
[Subsystems] Discovering subsystems at path C:/Program Files/Unity/Hub/Editor/2020.2.1f1/Editor/Data/Resources/UnitySubsystems
[Subsystems] Discovering subsystems at path C:/Users/bmhen/Documents/HomeWork/Game_prog_1/Class_FPS/FPS/Assets
GfxDevice: creating device client; threaded=0
Direct3D:
    Version:  Direct3D 11.0 [level 11.1]
    Renderer: Radeon (TM) R7 M445 (ID=0x6900)
    Vendor:   
    VRAM:     4086 MB
    Driver:   26.20.15026.1
Initialize mono
Mono path[0] = 'C:/Program Files/Unity/Hub/Editor/2020.2.1f1/Editor/Data/Managed'
Mono path[1] = 'C:/Program Files/Unity/Hub/Editor/2020.2.1f1/Editor/Data/MonoBleedingEdge/lib/mono/unityjit'
Mono config path = 'C:/Program Files/Unity/Hub/Editor/2020.2.1f1/Editor/Data/MonoBleedingEdge/etc'
Using monoOptions --debugger-agent=transport=dt_socket,embedding=1,server=y,suspend=n,address=127.0.0.1:56184
Begin MonoManager ReloadAssembly
Registering precompiled unity dll's ...
Register platform support module: C:/Program Files/Unity/Hub/Editor/2020.2.1f1/Editor/Data/PlaybackEngines/WindowsStandaloneSupport/UnityEditor.WindowsStandalone.Extensions.dll
Registered in 0.002406 seconds.
Native extension for WindowsStandalone target not found
Refreshing native plugins compatible for Editor in 25.15 ms, found 0 plugins.
Preloading 0 native plugins for Editor in 0.00 ms.
Invoked RoslynAnalysisRunner static constructor.
RoslynAnalysisRunner will not be running.
RoslynAnalysisRunner has terminated.
Mono: successfully reloaded assembly
- Completed reload, in  1.722 seconds
Platform modules already initialized, skipping
Registering precompiled user dll's ...
Registered in 0.000971 seconds.
Begin MonoManager ReloadAssembly
Native extension for WindowsStandalone target not found
Refreshing native plugins compatible for Editor in 0.32 ms, found 0 plugins.
Preloading 0 native plugins for Editor in 0.00 ms.
Invoked RoslynAnalysisRunner static constructor.
RoslynAnalysisRunner will not be running.
RoslynAnalysisRunner has terminated.
Mono: successfully reloaded assembly
- Completed reload, in  0.973 seconds
Platform modules already initialized, skipping
========================================================================
Worker process is ready to serve import requests
Launched and connected shader compiler UnityShaderCompiler.exe after 0.05 seconds
Refreshing native plugins compatible for Editor in 0.19 ms, found 0 plugins.
Preloading 0 native plugins for Editor in 0.00 ms.
Unloading 1104 Unused Serialized files (Serialized files now loaded: 0)
System memory in use before: 56.8 MB.
System memory in use after: 56.8 MB.

Unloading 10 unused Assets to reduce memory usage. Loaded Objects now: 1546.
Total: 2.754300 ms (FindLiveObjects: 0.281000 ms CreateObjectMapping: 0.241800 ms MarkObjects: 2.169900 ms  DeleteObjects: 0.060000 ms)

========================================================================
Received Import Request.
  path: Assets/Scripts/Spawner.cs
  artifactKey: Guid(9d30bc29c1740f14f86d61f390dab8e3) Importer(815301076,1909f56bfc062723c751e8b465ee728b)
Start importing Assets/Scripts/Spawner.cs using Guid(9d30bc29c1740f14f86d61f390dab8e3) Importer(815301076,1909f56bfc062723c751e8b465ee728b)  -> (artifact id: '3dfcaac8f3dde7d247092b1e5ddfcbf9') in 0.043481 seconds
  Import took 0.046152 seconds .

========================================================================
Received Prepare
Registering precompiled user dll's ...
Registered in 0.001045 seconds.
Begin MonoManager ReloadAssembly
Native extension for WindowsStandalone target not found
Refreshing native plugins compatible for Editor in 0.39 ms, found 0 plugins.
Preloading 0 native plugins for Editor in 0.00 ms.
Invoked RoslynAnalysisRunner static constructor.
RoslynAnalysisRunner will not be running.
RoslynAnalysisRunner has terminated.
Mono: successfully reloaded assembly
- Completed reload, in  1.070 seconds
Platform modules already initialized, skipping
Refreshing native plugins compatible for Editor in 0.20 ms, found 0 plugins.
Preloading 0 native plugins for Editor in 0.00 ms.
Unloading 1099 Unused Serialized files (Serialized files now loaded: 0)
System memory in use before: 56.9 MB.
System memory in use after: 56.9 MB.

Unloading 5 unused Assets to reduce memory usage. Loaded Objects now: 1548.
Total: 2.441700 ms (FindLiveObjects: 0.166400 ms CreateObjectMapping: 0.042700 ms MarkObjects: 2.146200 ms  DeleteObjects: 0.084400 ms)

========================================================================
Received Prepare
Registering precompiled user dll's ...
Registered in 0.002363 seconds.
Begin MonoManager ReloadAssembly
Native extension for WindowsStandalone target not found
Refreshing native plugins compatible for Editor in 0.76 ms, found 0 plugins.
Preloading 0 native plugins for Editor in 0.00 ms.
Invoked RoslynAnalysisRunner static constructor.
RoslynAnalysisRunner will not be running.
RoslynAnalysisRunner has terminated.
Mono: successfully reloaded assembly
- Completed reload, in  1.258 seconds
Platform modules already initialized, skipping
Refreshing native plugins compatible for Editor in 0.21 ms, found 0 plugins.
Preloading 0 native plugins for Editor in 0.00 ms.
Unloading 1099 Unused Serialized files (Serialized files now loaded: 0)
System memory in use before: 57.0 MB.
System memory in use after: 57.1 MB.

Unloading 5 unused Assets to reduce memory usage. Loaded Objects now: 1550.
Total: 2.135200 ms (FindLiveObjects: 0.233900 ms CreateObjectMapping: 0.193900 ms MarkObjects: 1.645600 ms  DeleteObjects: 0.048300 ms)

========================================================================
Received Import Request.
  Time since last request: 606.903765 seconds.
  path: Assets/Scripts/Spawner.cs
  artifactKey: Guid(9d30bc29c1740f14f86d61f390dab8e3) Importer(815301076,1909f56bfc062723c751e8b465ee728b)
Start importing Assets/Scripts/Spawner.cs using Guid(9d30bc29c1740f14f86d61f390dab8e3) Importer(815301076,1909f56bfc062723c751e8b465ee728b)  -> (artifact id: '6dd9cbef36ce85dcd6d754988b09df87') in 0.004687 seconds
  Import took 0.006740 seconds .

========================================================================
Received Prepare
Registering precompiled user dll's ...
Registered in 0.001704 seconds.
Begin MonoManager ReloadAssembly
Native extension for WindowsStandalone target not found
Refreshing native plugins compatible for Editor in 0.23 ms, found 0 plugins.
Preloading 0 native plugins for Editor in 0.00 ms.
Invoked RoslynAnalysisRunner static constructor.
RoslynAnalysisRunner will not be running.
RoslynAnalysisRunner has terminated.
Mono: successfully reloaded assembly
- Completed reload, in  2.000 seconds
Platform modules already initialized, skipping
Refreshing native plugins compatible for Editor in 0.19 ms, found 0 plugins.
Preloading 0 native plugins for Editor in 0.00 ms.
Unloading 1099 Unused Serialized files (Serialized files now loaded: 0)
System memory in use before: 57.2 MB.
System memory in use after: 57.2 MB.

Unloading 5 unused Assets to reduce memory usage. Loaded Objects now: 1552.
Total: 2.335100 ms (FindLiveObjects: 0.458600 ms CreateObjectMapping: 0.138000 ms MarkObjects: 1.692400 ms  DeleteObjects: 0.044200 ms)

========================================================================
Received Import Request.
  Time since last request: 139.980722 seconds.
  path: Assets/Prefabs/Monster.prefab
  artifactKey: Guid(ad365f06aaccc544191a003a39f7e935) Importer(815301076,1909f56bfc062723c751e8b465ee728b)
Start importing Assets/Prefabs/Monster.prefab using Guid(ad365f06aaccc544191a003a39f7e935) Importer(815301076,1909f56bfc062723c751e8b465ee728b)  -> (artifact id: '96aa029785bee24c4fc58101188ad57c') in 0.198620 seconds
  Import took 0.201669 seconds .

========================================================================
Received Import Request.
  Time since last request: 23.490773 seconds.
  path: Assets/Prefabs/Spawner.prefab
  artifactKey: Guid(b694d751d2e0dbb4dbbc835f80d7a6d4) Importer(815301076,1909f56bfc062723c751e8b465ee728b)
Start importing Assets/Prefabs/Spawner.prefab using Guid(b694d751d2e0dbb4dbbc835f80d7a6d4) Importer(815301076,1909f56bfc062723c751e8b465ee728b)  -> (artifact id: 'e3a9bbfc7e19f2ffb22d1187770e4a11') in 0.009742 seconds
  Import took 0.013358 seconds .

========================================================================
Received Prepare
Registering precompiled user dll's ...
Registered in 0.001528 seconds.
Begin MonoManager ReloadAssembly
Native extension for WindowsStandalone target not found
Refreshing native plugins compatible for Editor in 0.20 ms, found 0 plugins.
Preloading 0 native plugins for Editor in 0.00 ms.
Invoked RoslynAnalysisRunner static constructor.
RoslynAnalysisRunner will not be running.
RoslynAnalysisRunner has terminated.
Mono: successfully reloaded assembly
- Completed reload, in  0.927 seconds
Platform modules already initialized, skipping
Refreshing native plugins compatible for Editor in 0.20 ms, found 0 plugins.
Preloading 0 native plugins for Editor in 0.00 ms.
Unloading 1099 Unused Serialized files (Serialized files now loaded: 0)
System memory in use before: 60.5 MB.
System memory in use after: 60.5 MB.

Unloading 5 unused Assets to reduce memory usage. Loaded Objects now: 1562.
Total: 1.894100 ms (FindLiveObjects: 0.277300 ms CreateObjectMapping: 0.125600 ms MarkObjects: 1.402400 ms  DeleteObjects: 0.086700 ms)

========================================================================
Received Prepare
Registering precompiled user dll's ...
Registered in 0.001049 seconds.
Begin MonoManager ReloadAssembly
Native extension for WindowsStandalone target not found
Refreshing native plugins compatible for Editor in 0.21 ms, found 0 plugins.
Preloading 0 native plugins for Editor in 0.00 ms.
Invoked RoslynAnalysisRunner static constructor.
RoslynAnalysisRunner will not be running.
RoslynAnalysisRunner has terminated.
Mono: successfully reloaded assembly
- Completed reload, in  1.287 seconds
Platform modules already initialized, skipping
Refreshing native plugins compatible for Editor in 0.23 ms, found 0 plugins.
Preloading 0 native plugins for Editor in 0.00 ms.
Unloading 1099 Unused Serialized files (Serialized files now loaded: 0)
System memory in use before: 60.6 MB.
System memory in use after: 60.7 MB.

Unloading 5 unused Assets to reduce memory usage. Loaded Objects now: 1564.
Total: 9.631000 ms (FindLiveObjects: 0.721600 ms CreateObjectMapping: 0.115100 ms MarkObjects: 8.716100 ms  DeleteObjects: 0.075000 ms)

========================================================================
Received Import Request.
  Time since last request: 877.476193 seconds.
  path: Assets/Prefabs/Monster.prefab
  artifactKey: Guid(ad365f06aaccc544191a003a39f7e935) Importer(815301076,1909f56bfc062723c751e8b465ee728b)
Start importing Assets/Prefabs/Monster.prefab using Guid(ad365f06aaccc544191a003a39f7e935) Importer(815301076,1909f56bfc062723c751e8b465ee728b)  -> (artifact id: 'c718e99f4d40f049abe15996c144f25b') in 0.823389 seconds
  Import took 0.845762 seconds .

========================================================================
Received Import Request.
  Time since last request: 30.589864 seconds.
  path: Assets/Prefabs/Monster.prefab
  artifactKey: Guid(ad365f06aaccc544191a003a39f7e935) Importer(815301076,1909f56bfc062723c751e8b465ee728b)
Start importing Assets/Prefabs/Monster.prefab using Guid(ad365f06aaccc544191a003a39f7e935) Importer(815301076,1909f56bfc062723c751e8b465ee728b)  -> (artifact id: '46e9474ad4ae2aa54b61d95699677da9') in 0.183583 seconds
  Import took 0.190517 seconds .

========================================================================
Received Import Request.
  Time since last request: 48.019565 seconds.
  path: Assets/Prefabs/Monster.prefab
  artifactKey: Guid(ad365f06aaccc544191a003a39f7e935) Importer(815301076,1909f56bfc062723c751e8b465ee728b)
Start importing Assets/Prefabs/Monster.prefab using Guid(ad365f06aaccc544191a003a39f7e935) Importer(815301076,1909f56bfc062723c751e8b465ee728b)  -> (artifact id: '543f0c70aae32ace0c89b089eb44e6aa') in 0.031147 seconds
  Import took 0.138772 seconds .

========================================================================
Received Prepare
Registering precompiled user dll's ...
Registered in 0.001343 seconds.
Begin MonoManager ReloadAssembly
Native extension for WindowsStandalone target not found
Refreshing native plugins compatible for Editor in 0.20 ms, found 0 plugins.
Preloading 0 native plugins for Editor in 0.00 ms.
Invoked RoslynAnalysisRunner static constructor.
RoslynAnalysisRunner will not be running.
RoslynAnalysisRunner has terminated.
Mono: successfully reloaded assembly
- Completed reload, in  1.094 seconds
Platform modules already initialized, skipping
Refreshing native plugins compatible for Editor in 0.20 ms, found 0 plugins.
Preloading 0 native plugins for Editor in 0.00 ms.
Unloading 1099 Unused Serialized files (Serialized files now loaded: 0)
System memory in use before: 60.8 MB.
System memory in use after: 60.8 MB.

Unloading 5 unused Assets to reduce memory usage. Loaded Objects now: 1567.
Total: 2.067100 ms (FindLiveObjects: 0.252100 ms CreateObjectMapping: 0.051800 ms MarkObjects: 1.715300 ms  DeleteObjects: 0.045300 ms)

========================================================================
Received Prepare
Registering precompiled user dll's ...
Registered in 0.001685 seconds.
Begin MonoManager ReloadAssembly
Native extension for WindowsStandalone target not found
Refreshing native plugins compatible for Editor in 0.20 ms, found 0 plugins.
Preloading 0 native plugins for Editor in 0.00 ms.
Invoked RoslynAnalysisRunner static constructor.
RoslynAnalysisRunner will not be running.
RoslynAnalysisRunner has terminated.
Mono: successfully reloaded assembly
- Completed reload, in  1.034 seconds
Platform modules already initialized, skipping
Refreshing native plugins compatible for Editor in 0.24 ms, found 0 plugins.
Preloading 0 native plugins for Editor in 0.00 ms.
Unloading 1099 Unused Serialized files (Serialized files now loaded: 0)
System memory in use before: 60.8 MB.
System memory in use after: 60.9 MB.

Unloading 5 unused Assets to reduce memory usage. Loaded Objects now: 1569.
Total: 1.859800 ms (FindLiveObjects: 0.256900 ms CreateObjectMapping: 0.081800 ms MarkObjects: 1.472600 ms  DeleteObjects: 0.046300 ms)

========================================================================
Received Import Request.
  Time since last request: 168.281137 seconds.
  path: Assets/Prefabs/projectile.prefab
  artifactKey: Guid(8720711b78d320444bed7b3c4a28b52b) Importer(815301076,1909f56bfc062723c751e8b465ee728b)
Start importing Assets/Prefabs/projectile.prefab using Guid(8720711b78d320444bed7b3c4a28b52b) Importer(815301076,1909f56bfc062723c751e8b465ee728b)  -> (artifact id: '57448ccae34a916417608b1085735f71') in 0.061237 seconds
  Import took 0.063540 seconds .

========================================================================
Received Import Request.
  Time since last request: 61.335403 seconds.
  path: Assets/Prefabs/Monster.prefab
  artifactKey: Guid(ad365f06aaccc544191a003a39f7e935) Importer(815301076,1909f56bfc062723c751e8b465ee728b)
Start importing Assets/Prefabs/Monster.prefab using Guid(ad365f06aaccc544191a003a39f7e935) Importer(815301076,1909f56bfc062723c751e8b465ee728b)  -> (artifact id: 'bd4dd3eed7f1ff0b9ffda3ba4c8a0a4b') in 0.137855 seconds
  Import took 0.144712 seconds .

========================================================================
Received Prepare
Registering precompiled user dll's ...
Registered in 0.001060 seconds.
Begin MonoManager ReloadAssembly
Native extension for WindowsStandalone target not found
Refreshing native plugins compatible for Editor in 0.27 ms, found 0 plugins.
Preloading 0 native plugins for Editor in 0.00 ms.
Invoked RoslynAnalysisRunner static constructor.
RoslynAnalysisRunner will not be running.
RoslynAnalysisRunner has terminated.
Mono: successfully reloaded assembly
- Completed reload, in  1.025 seconds
Platform modules already initialized, skipping
Refreshing native plugins compatible for Editor in 0.53 ms, found 0 plugins.
Preloading 0 native plugins for Editor in 0.00 ms.
Unloading 1099 Unused Serialized files (Serialized files now loaded: 0)
System memory in use before: 61.1 MB.
System memory in use after: 61.1 MB.

Unloading 5 unused Assets to reduce memory usage. Loaded Objects now: 1572.
Total: 1.913700 ms (FindLiveObjects: 0.328500 ms CreateObjectMapping: 0.075500 ms MarkObjects: 1.462600 ms  DeleteObjects: 0.044800 ms)

========================================================================
Received Prepare
Registering precompiled user dll's ...
Registered in 0.001660 seconds.
Begin MonoManager ReloadAssembly
Native extension for WindowsStandalone target not found
Refreshing native plugins compatible for Editor in 0.20 ms, found 0 plugins.
Preloading 0 native plugins for Editor in 0.00 ms.
Invoked RoslynAnalysisRunner static constructor.
RoslynAnalysisRunner will not be running.
RoslynAnalysisRunner has terminated.
Mono: successfully reloaded assembly
- Completed reload, in  0.996 seconds
Platform modules already initialized, skipping
Refreshing native plugins compatible for Editor in 0.22 ms, found 0 plugins.
Preloading 0 native plugins for Editor in 0.00 ms.
Unloading 1099 Unused Serialized files (Serialized files now loaded: 0)
System memory in use before: 61.2 MB.
System memory in use after: 61.3 MB.

Unloading 5 unused Assets to reduce memory usage. Loaded Objects now: 1574.
Total: 1.909500 ms (FindLiveObjects: 0.206200 ms CreateObjectMapping: 0.032500 ms MarkObjects: 1.623900 ms  DeleteObjects: 0.044300 ms)

========================================================================
Received Import Request.
  Time since last request: 302.874042 seconds.
  path: Assets/Prefabs/Monster.prefab
  artifactKey: Guid(ad365f06aaccc544191a003a39f7e935) Importer(815301076,1909f56bfc062723c751e8b465ee728b)
Start importing Assets/Prefabs/Monster.prefab using Guid(ad365f06aaccc544191a003a39f7e935) Importer(815301076,1909f56bfc062723c751e8b465ee728b)  -> (artifact id: '74d5fb5fb3c5c11dd76f64951c49cad4') in 0.059581 seconds
  Import took 0.062072 seconds .

========================================================================
Received Import Request.
  Time since last request: 675.465621 seconds.
  path: ProjectSettings/TagManager.asset
  artifactKey: Guid(00000000000000003000000000000000) Importer(815301076,1909f56bfc062723c751e8b465ee728b)
Start importing ProjectSettings/TagManager.asset using Guid(00000000000000003000000000000000) Importer(815301076,1909f56bfc062723c751e8b465ee728b)  -> (artifact id: '36b4be4f8b65125e1b2635be98b3e242') in 0.008882 seconds
  Import took 0.011879 seconds .

========================================================================
Received Import Request.
  Time since last request: 0.018899 seconds.
  path: ProjectSettings/TagManager.asset
  artifactKey: Guid(00000000000000003000000000000000) Importer(815301076,1909f56bfc062723c751e8b465ee728b)
Start importing ProjectSettings/TagManager.asset using Guid(00000000000000003000000000000000) Importer(815301076,1909f56bfc062723c751e8b465ee728b)  -> (artifact id: '36b4be4f8b65125e1b2635be98b3e242') in 0.009133 seconds
  Import took 0.012191 seconds .

========================================================================
Received Prepare
Registering precompiled user dll's ...
Registered in 0.001804 seconds.
Begin MonoManager ReloadAssembly
Native extension for WindowsStandalone target not found
Refreshing native plugins compatible for Editor in 0.22 ms, found 0 plugins.
Preloading 0 native plugins for Editor in 0.00 ms.
Invoked RoslynAnalysisRunner static constructor.
RoslynAnalysisRunner will not be running.
RoslynAnalysisRunner has terminated.
Mono: successfully reloaded assembly
- Completed reload, in  1.191 seconds
Platform modules already initialized, skipping
Refreshing native plugins compatible for Editor in 0.20 ms, found 0 plugins.
Preloading 0 native plugins for Editor in 0.00 ms.
Unloading 1099 Unused Serialized files (Serialized files now loaded: 0)
System memory in use before: 61.4 MB.
System memory in use after: 61.4 MB.

Unloading 7 unused Assets to reduce memory usage. Loaded Objects now: 1577.
Total: 2.626800 ms (FindLiveObjects: 0.385500 ms CreateObjectMapping: 0.043700 ms MarkObjects: 2.145000 ms  DeleteObjects: 0.049600 ms)

========================================================================
Received Import Request.
  Time since last request: 2433.214163 seconds.
  path: Assets/Scripts/DisapearBehavior.cs
  artifactKey: Guid(92740808ad442494b8485dfd454851ad) Importer(815301076,1909f56bfc062723c751e8b465ee728b)
Start importing Assets/Scripts/DisapearBehavior.cs using Guid(92740808ad442494b8485dfd454851ad) Importer(815301076,1909f56bfc062723c751e8b465ee728b)  -> (artifact id: 'b1ee2f62571f792c431f66a82b2f2399') in 0.024034 seconds
  Import took 0.027432 seconds .

========================================================================
Received Prepare
Registering precompiled user dll's ...
Registered in 0.000906 seconds.
Begin MonoManager ReloadAssembly
Native extension for WindowsStandalone target not found
Refreshing native plugins compatible for Editor in 0.25 ms, found 0 plugins.
Preloading 0 native plugins for Editor in 0.00 ms.
Invoked RoslynAnalysisRunner static constructor.
RoslynAnalysisRunner will not be running.
RoslynAnalysisRunner has terminated.
Mono: successfully reloaded assembly
- Completed reload, in  1.292 seconds
Platform modules already initialized, skipping
Refreshing native plugins compatible for Editor in 0.20 ms, found 0 plugins.
Preloading 0 native plugins for Editor in 0.00 ms.
Unloading 1100 Unused Serialized files (Serialized files now loaded: 0)
System memory in use before: 61.5 MB.
System memory in use after: 61.6 MB.

Unloading 5 unused Assets to reduce memory usage. Loaded Objects now: 1580.
Total: 2.667500 ms (FindLiveObjects: 0.211400 ms CreateObjectMapping: 0.054300 ms MarkObjects: 2.339400 ms  DeleteObjects: 0.060200 ms)

========================================================================
Received Prepare
Registering precompiled user dll's ...
Registered in 0.004066 seconds.
Begin MonoManager ReloadAssembly
Native extension for WindowsStandalone target not found
Refreshing native plugins compatible for Editor in 0.33 ms, found 0 plugins.
Preloading 0 native plugins for Editor in 0.00 ms.
Invoked RoslynAnalysisRunner static constructor.
RoslynAnalysisRunner will not be running.
RoslynAnalysisRunner has terminated.
Mono: successfully reloaded assembly
- Completed reload, in  1.201 seconds
Platform modules already initialized, skipping
Refreshing native plugins compatible for Editor in 0.19 ms, found 0 plugins.
Preloading 0 native plugins for Editor in 0.00 ms.
Unloading 1100 Unused Serialized files (Serialized files now loaded: 0)
System memory in use before: 61.7 MB.
System memory in use after: 61.7 MB.

Unloading 5 unused Assets to reduce memory usage. Loaded Objects now: 1582.
Total: 2.174400 ms (FindLiveObjects: 0.352100 ms CreateObjectMapping: 0.156200 ms MarkObjects: 1.608800 ms  DeleteObjects: 0.055100 ms)

========================================================================
Received Import Request.
  Time since last request: 45.896557 seconds.
  path: Assets/Scripts/DisapearBehavior.cs
  artifactKey: Guid(92740808ad442494b8485dfd454851ad) Importer(815301076,1909f56bfc062723c751e8b465ee728b)
Start importing Assets/Scripts/DisapearBehavior.cs using Guid(92740808ad442494b8485dfd454851ad) Importer(815301076,1909f56bfc062723c751e8b465ee728b)  -> (artifact id: 'ae3bbb87e35511b3980f79e59ef45a8d') in 0.004429 seconds
  Import took 0.006424 seconds .

========================================================================
Received Prepare
Registering precompiled user dll's ...
Registered in 0.002698 seconds.
Begin MonoManager ReloadAssembly
Native extension for WindowsStandalone target not found
Refreshing native plugins compatible for Editor in 0.24 ms, found 0 plugins.
Preloading 0 native plugins for Editor in 0.00 ms.
Invoked RoslynAnalysisRunner static constructor.
RoslynAnalysisRunner will not be running.
RoslynAnalysisRunner has terminated.
Mono: successfully reloaded assembly
- Completed reload, in  1.147 seconds
Platform modules already initialized, skipping
Refreshing native plugins compatible for Editor in 0.31 ms, found 0 plugins.
Preloading 0 native plugins for Editor in 0.00 ms.
Unloading 1100 Unused Serialized files (Serialized files now loaded: 0)
System memory in use before: 61.8 MB.
System memory in use after: 61.9 MB.

Unloading 5 unused Assets to reduce memory usage. Loaded Objects now: 1584.
Total: 2.117100 ms (FindLiveObjects: 0.232000 ms CreateObjectMapping: 0.071400 ms MarkObjects: 1.768000 ms  DeleteObjects: 0.043600 ms)

========================================================================
Received Import Request.
  Time since last request: 121.825275 seconds.
  path: Assets/Prefabs/Monster.prefab
  artifactKey: Guid(ad365f06aaccc544191a003a39f7e935) Importer(815301076,1909f56bfc062723c751e8b465ee728b)
Start importing Assets/Prefabs/Monster.prefab using Guid(ad365f06aaccc544191a003a39f7e935) Importer(815301076,1909f56bfc062723c751e8b465ee728b)  -> (artifact id: '630a688368463cb6f02d94a5eaf0b5d3') in 0.081686 seconds
  Import took 0.088059 seconds .

========================================================================
Received Import Request.
  Time since last request: 0.000312 seconds.
  path: Assets/Prefabs/projectile.prefab
  artifactKey: Guid(8720711b78d320444bed7b3c4a28b52b) Importer(815301076,1909f56bfc062723c751e8b465ee728b)
Start importing Assets/Prefabs/projectile.prefab using Guid(8720711b78d320444bed7b3c4a28b52b) Importer(815301076,1909f56bfc062723c751e8b465ee728b)  -> (artifact id: '9a1390ce94cd9800e0637160c9cd629a') in 0.052966 seconds
  Import took 0.056129 seconds .

========================================================================
Received Import Request.
  Time since last request: 22.425424 seconds.
  path: Assets/Prefabs/Hit Fx.prefab
  artifactKey: Guid(ef81195e117c6fb47bc06bd01394b0d1) Importer(815301076,1909f56bfc062723c751e8b465ee728b)
Start importing Assets/Prefabs/Hit Fx.prefab using Guid(ef81195e117c6fb47bc06bd01394b0d1) Importer(815301076,1909f56bfc062723c751e8b465ee728b)  -> (artifact id: '425fa6e6e83fa8932990f6187485f3d6') in 0.028214 seconds
  Import took 0.035612 seconds .

========================================================================
Received Import Request.
  Time since last request: 0.012417 seconds.
  path: Assets/Prefabs/Hit Fx.prefab
  artifactKey: Guid(ef81195e117c6fb47bc06bd01394b0d1) Importer(815301076,1909f56bfc062723c751e8b465ee728b)
Start importing Assets/Prefabs/Hit Fx.prefab using Guid(ef81195e117c6fb47bc06bd01394b0d1) Importer(815301076,1909f56bfc062723c751e8b465ee728b)  -> (artifact id: '425fa6e6e83fa8932990f6187485f3d6') in 0.014700 seconds
  Import took 0.020454 seconds .

========================================================================
Received Import Request.
  Time since last request: 20.977749 seconds.
  path: Assets/Prefabs/Hit Pfx.prefab
  artifactKey: Guid(ef81195e117c6fb47bc06bd01394b0d1) Importer(815301076,1909f56bfc062723c751e8b465ee728b)
Start importing Assets/Prefabs/Hit Pfx.prefab using Guid(ef81195e117c6fb47bc06bd01394b0d1) Importer(815301076,1909f56bfc062723c751e8b465ee728b)  -> (artifact id: 'f07ca0bda14d0b9ec10d41aaf6a89705') in 0.008761 seconds
  Import took 0.011692 seconds .

========================================================================
Received Import Request.
  Time since last request: 59.277353 seconds.
  path: Assets/Scripts/ProjectileHitController.cs
  artifactKey: Guid(37bda5eacaa850f499c5f8bab07fa320) Importer(815301076,1909f56bfc062723c751e8b465ee728b)
Start importing Assets/Scripts/ProjectileHitController.cs using Guid(37bda5eacaa850f499c5f8bab07fa320) Importer(815301076,1909f56bfc062723c751e8b465ee728b)  -> (artifact id: '45776fac4cb1788ee9ccf7d8956c6ce4') in 0.028787 seconds
  Import took 0.036899 seconds .

========================================================================
Received Import Request.
  Time since last request: 0.002730 seconds.
  path: Assets/Scripts/ProjectileHitController.cs
  artifactKey: Guid(37bda5eacaa850f499c5f8bab07fa320) Importer(815301076,1909f56bfc062723c751e8b465ee728b)
Start importing Assets/Scripts/ProjectileHitController.cs using Guid(37bda5eacaa850f499c5f8bab07fa320) Importer(815301076,1909f56bfc062723c751e8b465ee728b)  -> (artifact id: '45776fac4cb1788ee9ccf7d8956c6ce4') in 0.015316 seconds
  Import took 0.021884 seconds .

========================================================================
Received Import Request.
  Time since last request: 15.808273 seconds.
  path: Assets/Prefabs/projectile.prefab
  artifactKey: Guid(8720711b78d320444bed7b3c4a28b52b) Importer(815301076,1909f56bfc062723c751e8b465ee728b)
Start importing Assets/Prefabs/projectile.prefab using Guid(8720711b78d320444bed7b3c4a28b52b) Importer(815301076,1909f56bfc062723c751e8b465ee728b)  -> (artifact id: '4c2a3853546dd36e1ce08449fb8ff4cd') in 0.019729 seconds
  Import took 0.023940 seconds .

========================================================================
Received Import Request.
  Time since last request: 0.016115 seconds.
  path: Assets/Prefabs/projectile.prefab
  artifactKey: Guid(8720711b78d320444bed7b3c4a28b52b) Importer(815301076,1909f56bfc062723c751e8b465ee728b)
Start importing Assets/Prefabs/projectile.prefab using Guid(8720711b78d320444bed7b3c4a28b52b) Importer(815301076,1909f56bfc062723c751e8b465ee728b)  -> (artifact id: '4c2a3853546dd36e1ce08449fb8ff4cd') in 0.020389 seconds
  Import took 0.024998 seconds .

========================================================================
Received Prepare
Registering precompiled user dll's ...
Registered in 0.000915 seconds.
Begin MonoManager ReloadAssembly
Native extension for WindowsStandalone target not found
Refreshing native plugins compatible for Editor in 0.22 ms, found 0 plugins.
Preloading 0 native plugins for Editor in 0.00 ms.
Invoked RoslynAnalysisRunner static constructor.
RoslynAnalysisRunner will not be running.
RoslynAnalysisRunner has terminated.
Mono: successfully reloaded assembly
- Completed reload, in  3.032 seconds
Platform modules already initialized, skipping
Refreshing native plugins compatible for Editor in 0.20 ms, found 0 plugins.
Preloading 0 native plugins for Editor in 0.00 ms.
Unloading 1100 Unused Serialized files (Serialized files now loaded: 0)
System memory in use before: 61.9 MB.
System memory in use after: 62.0 MB.

Unloading 5 unused Assets to reduce memory usage. Loaded Objects now: 1587.
Total: 2.515800 ms (FindLiveObjects: 0.313300 ms CreateObjectMapping: 0.154500 ms MarkObjects: 1.998400 ms  DeleteObjects: 0.047500 ms)

========================================================================
Received Import Request.
  Time since last request: 75.630927 seconds.
  path: Assets/Prefabs/projectile.prefab
  artifactKey: Guid(8720711b78d320444bed7b3c4a28b52b) Importer(815301076,1909f56bfc062723c751e8b465ee728b)
Start importing Assets/Prefabs/projectile.prefab using Guid(8720711b78d320444bed7b3c4a28b52b) Importer(815301076,1909f56bfc062723c751e8b465ee728b)  -> (artifact id: '83515987381872cba26494b804769a6a') in 0.070988 seconds
  Import took 0.075397 seconds .

========================================================================
Received Import Request.
  Time since last request: 38.412661 seconds.
  path: Assets/Prefabs/projectile.prefab
  artifactKey: Guid(8720711b78d320444bed7b3c4a28b52b) Importer(815301076,1909f56bfc062723c751e8b465ee728b)
Start importing Assets/Prefabs/projectile.prefab using Guid(8720711b78d320444bed7b3c4a28b52b) Importer(815301076,1909f56bfc062723c751e8b465ee728b)  -> (artifact id: '9e89d0996ad86adbd845d0aad79e4a0a') in 0.020410 seconds
  Import took 0.024937 seconds .

========================================================================
Received Prepare
Registering precompiled user dll's ...
Registered in 0.000982 seconds.
Begin MonoManager ReloadAssembly
Native extension for WindowsStandalone target not found
Refreshing native plugins compatible for Editor in 0.20 ms, found 0 plugins.
Preloading 0 native plugins for Editor in 0.00 ms.
Invoked RoslynAnalysisRunner static constructor.
RoslynAnalysisRunner will not be running.
RoslynAnalysisRunner has terminated.
Mono: successfully reloaded assembly
- Completed reload, in  1.149 seconds
Platform modules already initialized, skipping
Refreshing native plugins compatible for Editor in 0.21 ms, found 0 plugins.
Preloading 0 native plugins for Editor in 0.00 ms.
Unloading 1100 Unused Serialized files (Serialized files now loaded: 0)
System memory in use before: 61.2 MB.
System memory in use after: 61.2 MB.

Unloading 5 unused Assets to reduce memory usage. Loaded Objects now: 1590.
Total: 3.243100 ms (FindLiveObjects: 0.361500 ms CreateObjectMapping: 1.214900 ms MarkObjects: 1.599100 ms  DeleteObjects: 0.065400 ms)

========================================================================
Received Import Request.
  Time since last request: 102.197479 seconds.
  path: Assets/Prefabs/Hit Pfx.prefab
  artifactKey: Guid(ef81195e117c6fb47bc06bd01394b0d1) Importer(815301076,1909f56bfc062723c751e8b465ee728b)
Start importing Assets/Prefabs/Hit Pfx.prefab using Guid(ef81195e117c6fb47bc06bd01394b0d1) Importer(815301076,1909f56bfc062723c751e8b465ee728b)  -> (artifact id: 'c78e1f6ecee9dc01979db8b3ec3330b0') in 0.057287 seconds
  Import took 0.060930 seconds .

========================================================================
Received Import Request.
  Time since last request: 2.174751 seconds.
  path: Assets/Prefabs/Hit Pfx.prefab
  artifactKey: Guid(ef81195e117c6fb47bc06bd01394b0d1) Importer(815301076,1909f56bfc062723c751e8b465ee728b)
Start importing Assets/Prefabs/Hit Pfx.prefab using Guid(ef81195e117c6fb47bc06bd01394b0d1) Importer(815301076,1909f56bfc062723c751e8b465ee728b)  -> (artifact id: 'c78e1f6ecee9dc01979db8b3ec3330b0') in 0.007020 seconds
  Import took 0.010550 seconds .

========================================================================
Received Prepare
Registering precompiled user dll's ...
Registered in 0.000950 seconds.
Begin MonoManager ReloadAssembly
Native extension for WindowsStandalone target not found
Refreshing native plugins compatible for Editor in 0.25 ms, found 0 plugins.
Preloading 0 native plugins for Editor in 0.00 ms.
Invoked RoslynAnalysisRunner static constructor.
RoslynAnalysisRunner will not be running.
RoslynAnalysisRunner has terminated.
Mono: successfully reloaded assembly
- Completed reload, in  1.064 seconds
Platform modules already initialized, skipping
Refreshing native plugins compatible for Editor in 0.19 ms, found 0 plugins.
Preloading 0 native plugins for Editor in 0.00 ms.
Unloading 1100 Unused Serialized files (Serialized files now loaded: 0)
System memory in use before: 61.3 MB.
System memory in use after: 61.4 MB.

Unloading 5 unused Assets to reduce memory usage. Loaded Objects now: 1592.
Total: 1.617500 ms (FindLiveObjects: 0.142400 ms CreateObjectMapping: 0.039200 ms MarkObjects: 1.392700 ms  DeleteObjects: 0.041700 ms)

========================================================================
Received Import Request.
  Time since last request: 204.960549 seconds.
  path: Assets/Prefabs/Player.prefab
  artifactKey: Guid(124c26e9638ab3648b46f4ddaf390988) Importer(815301076,1909f56bfc062723c751e8b465ee728b)
Start importing Assets/Prefabs/Player.prefab using Guid(124c26e9638ab3648b46f4ddaf390988) Importer(815301076,1909f56bfc062723c751e8b465ee728b)  -> (artifact id: '494ecb5af56e8089ae0d487ea933f8f7') in 0.114396 seconds
  Import took 0.121840 seconds .

AssetImportWorkerClient::OnTransportError - code=2 error=End of file
