Using pre-set license
Built from '2020.2/release' branch; Version is '2020.2.1f1 (270dd8c3da1c) revision 2559448'; Using compiler version '192528614'; Build Type 'Release'
OS: 'Windows 10  (10.0.0) 64bit' Language: 'en' Physical Memory: 16282 MB
BatchMode: 1, IsHumanControllingUs: 0, StartBugReporterOnCrash: 0, Is64bit: 1, IsPro: 0

 COMMAND LINE ARGUMENTS:
C:\Program Files\Unity\Hub\Editor\2020.2.1f1\Editor\Unity.exe
-adb2
-batchMode
-noUpm
-name
AssetImportWorker0
-projectPath
C:/Users/bmhen/Documents/HomeWork/Game_prog_1/Class_FPS/FPS
-logFile
Logs/AssetImportWorker0.log
-srvPort
51410
Successfully changed project path to: C:/Users/bmhen/Documents/HomeWork/Game_prog_1/Class_FPS/FPS
C:/Users/bmhen/Documents/HomeWork/Game_prog_1/Class_FPS/FPS
Using Asset Import Pipeline V2.
Refreshing native plugins compatible for Editor in 29.47 ms, found 0 plugins.
Preloading 0 native plugins for Editor in 0.00 ms.
Initialize engine version: 2020.2.1f1 (270dd8c3da1c)
[Subsystems] Discovering subsystems at path C:/Program Files/Unity/Hub/Editor/2020.2.1f1/Editor/Data/Resources/UnitySubsystems
[Subsystems] Discovering subsystems at path C:/Users/bmhen/Documents/HomeWork/Game_prog_1/Class_FPS/FPS/Assets
GfxDevice: creating device client; threaded=0
Direct3D:
    Version:  Direct3D 11.0 [level 11.1]
    Renderer: Radeon (TM) R7 M445 (ID=0x6900)
    Vendor:   
    VRAM:     4086 MB
    Driver:   26.20.15026.1
Initialize mono
Mono path[0] = 'C:/Program Files/Unity/Hub/Editor/2020.2.1f1/Editor/Data/Managed'
Mono path[1] = 'C:/Program Files/Unity/Hub/Editor/2020.2.1f1/Editor/Data/MonoBleedingEdge/lib/mono/unityjit'
Mono config path = 'C:/Program Files/Unity/Hub/Editor/2020.2.1f1/Editor/Data/MonoBleedingEdge/etc'
Using monoOptions --debugger-agent=transport=dt_socket,embedding=1,server=y,suspend=n,address=127.0.0.1:56680
Begin MonoManager ReloadAssembly
Registering precompiled unity dll's ...
Register platform support module: C:/Program Files/Unity/Hub/Editor/2020.2.1f1/Editor/Data/PlaybackEngines/WindowsStandaloneSupport/UnityEditor.WindowsStandalone.Extensions.dll
Registered in 0.002733 seconds.
Native extension for WindowsStandalone target not found
Refreshing native plugins compatible for Editor in 25.77 ms, found 0 plugins.
Preloading 0 native plugins for Editor in 0.00 ms.
Invoked RoslynAnalysisRunner static constructor.
RoslynAnalysisRunner will not be running.
RoslynAnalysisRunner has terminated.
Mono: successfully reloaded assembly
- Completed reload, in  1.360 seconds
Platform modules already initialized, skipping
Registering precompiled user dll's ...
Registered in 0.000987 seconds.
Begin MonoManager ReloadAssembly
Native extension for WindowsStandalone target not found
Refreshing native plugins compatible for Editor in 0.24 ms, found 0 plugins.
Preloading 0 native plugins for Editor in 0.00 ms.
Invoked RoslynAnalysisRunner static constructor.
RoslynAnalysisRunner will not be running.
RoslynAnalysisRunner has terminated.
Mono: successfully reloaded assembly
- Completed reload, in  0.934 seconds
Platform modules already initialized, skipping
========================================================================
Worker process is ready to serve import requests
Launched and connected shader compiler UnityShaderCompiler.exe after 0.06 seconds
Refreshing native plugins compatible for Editor in 0.33 ms, found 0 plugins.
Preloading 0 native plugins for Editor in 0.00 ms.
Unloading 1105 Unused Serialized files (Serialized files now loaded: 0)
System memory in use before: 56.9 MB.
System memory in use after: 57.0 MB.

Unloading 10 unused Assets to reduce memory usage. Loaded Objects now: 1548.
Total: 3.136100 ms (FindLiveObjects: 0.384000 ms CreateObjectMapping: 0.126000 ms MarkObjects: 2.530300 ms  DeleteObjects: 0.093100 ms)

========================================================================
Received Import Request.
  path: Assets/Scenes/SampleScene.unity
  artifactKey: Guid(9fc0d4010bbf28b4594072e72b8655ab) Importer(815301076,1909f56bfc062723c751e8b465ee728b)
Start importing Assets/Scenes/SampleScene.unity using Guid(9fc0d4010bbf28b4594072e72b8655ab) Importer(815301076,1909f56bfc062723c751e8b465ee728b)  -> (artifact id: '55f0292b1f804c69b059491cdd5582ea') in 0.041572 seconds
  Import took 0.043906 seconds .

========================================================================
Received Import Request.
  Time since last request: 8.016870 seconds.
  path: Assets/Scenes/Level1.unity
  artifactKey: Guid(9fc0d4010bbf28b4594072e72b8655ab) Importer(815301076,1909f56bfc062723c751e8b465ee728b)
Start importing Assets/Scenes/Level1.unity using Guid(9fc0d4010bbf28b4594072e72b8655ab) Importer(815301076,1909f56bfc062723c751e8b465ee728b)  -> (artifact id: 'd72f81f5cece5829d3ede99e61b6ea6d') in 0.016081 seconds
  Import took 0.043413 seconds .

========================================================================
Received Import Request.
  Time since last request: 3.250635 seconds.
  path: Assets/Scenes/SampleScene
  artifactKey: Guid(11b505e4f7a6c504e87863c0c796495c) Importer(815301076,1909f56bfc062723c751e8b465ee728b)
Start importing Assets/Scenes/SampleScene using Guid(11b505e4f7a6c504e87863c0c796495c) Importer(815301076,1909f56bfc062723c751e8b465ee728b)  -> (artifact id: 'ab87344648412cbd4b032a7cfc337029') in 0.008267 seconds
  Import took 0.011144 seconds .

========================================================================
Received Import Request.
  Time since last request: 0.054461 seconds.
  path: Assets/Scenes/SampleScene/LightingData.asset
  artifactKey: Guid(85285653a009cff44b234f75d1155a30) Importer(815301076,1909f56bfc062723c751e8b465ee728b)
Start importing Assets/Scenes/SampleScene/LightingData.asset using Guid(85285653a009cff44b234f75d1155a30) Importer(815301076,1909f56bfc062723c751e8b465ee728b)  -> (artifact id: '24bc04dc548bec2cb2562590c723d822') in 0.060710 seconds
  Import took 0.063288 seconds .

========================================================================
Received Import Request.
  Time since last request: 0.000314 seconds.
  path: Assets/Scenes/SampleScene/NavMesh.asset
  artifactKey: Guid(de1cdf5d98538544db92f93471716efd) Importer(815301076,1909f56bfc062723c751e8b465ee728b)
Start importing Assets/Scenes/SampleScene/NavMesh.asset using Guid(de1cdf5d98538544db92f93471716efd) Importer(815301076,1909f56bfc062723c751e8b465ee728b)  -> (artifact id: '690fdafabdd1feaad2aedbbfbd6685fe') in 0.003032 seconds
  Import took 0.005341 seconds .

========================================================================
Received Import Request.
  Time since last request: 0.000104 seconds.
  path: Assets/Scenes/SampleScene/ReflectionProbe-0.exr
  artifactKey: Guid(7398bd6557a0faf479e4adeb2d717fc7) Importer(815301076,1909f56bfc062723c751e8b465ee728b)
Start importing Assets/Scenes/SampleScene/ReflectionProbe-0.exr using Guid(7398bd6557a0faf479e4adeb2d717fc7) Importer(815301076,1909f56bfc062723c751e8b465ee728b)  -> (artifact id: 'aad18cbc762edf781c5e433b4bc0d152') in 0.888213 seconds
  Import took 0.891278 seconds .

========================================================================
Received Import Request.
  Time since last request: 9.529248 seconds.
  path: Assets/Scenes/Level1
  artifactKey: Guid(11b505e4f7a6c504e87863c0c796495c) Importer(815301076,1909f56bfc062723c751e8b465ee728b)
Start importing Assets/Scenes/Level1 using Guid(11b505e4f7a6c504e87863c0c796495c) Importer(815301076,1909f56bfc062723c751e8b465ee728b)  -> (artifact id: 'f2d825c3091097c6e31b751e154c3f79') in 0.003926 seconds
  Import took 0.006916 seconds .

========================================================================
Received Prepare
Registering precompiled user dll's ...
Registered in 0.001010 seconds.
Begin MonoManager ReloadAssembly
Native extension for WindowsStandalone target not found
Refreshing native plugins compatible for Editor in 0.41 ms, found 0 plugins.
Preloading 0 native plugins for Editor in 0.00 ms.
Invoked RoslynAnalysisRunner static constructor.
RoslynAnalysisRunner will not be running.
RoslynAnalysisRunner has terminated.
Mono: successfully reloaded assembly
- Completed reload, in  1.091 seconds
Platform modules already initialized, skipping
Refreshing native plugins compatible for Editor in 0.20 ms, found 0 plugins.
Preloading 0 native plugins for Editor in 0.00 ms.
Unloading 1101 Unused Serialized files (Serialized files now loaded: 0)
System memory in use before: 60.4 MB.
System memory in use after: 60.5 MB.

Unloading 5 unused Assets to reduce memory usage. Loaded Objects now: 1583.
Total: 2.488400 ms (FindLiveObjects: 0.339600 ms CreateObjectMapping: 0.086300 ms MarkObjects: 2.013600 ms  DeleteObjects: 0.046900 ms)

========================================================================
Received Import Request.
  Time since last request: 139.733536 seconds.
  path: Assets/Scripts/NewBehaviourScript.cs
  artifactKey: Guid(1fd48f9781f139e4f9456b0680dfeef1) Importer(815301076,1909f56bfc062723c751e8b465ee728b)
Start importing Assets/Scripts/NewBehaviourScript.cs using Guid(1fd48f9781f139e4f9456b0680dfeef1) Importer(815301076,1909f56bfc062723c751e8b465ee728b)  -> (artifact id: '769ae38395aa461e79433c379b9ecb8b') in 0.053802 seconds
  Import took 0.058748 seconds .

========================================================================
Received Prepare
Registering precompiled user dll's ...
Registered in 0.000923 seconds.
Begin MonoManager ReloadAssembly
Native extension for WindowsStandalone target not found
Refreshing native plugins compatible for Editor in 0.37 ms, found 0 plugins.
Preloading 0 native plugins for Editor in 0.00 ms.
Invoked RoslynAnalysisRunner static constructor.
RoslynAnalysisRunner will not be running.
RoslynAnalysisRunner has terminated.
Mono: successfully reloaded assembly
- Completed reload, in  1.231 seconds
Platform modules already initialized, skipping
Refreshing native plugins compatible for Editor in 0.19 ms, found 0 plugins.
Preloading 0 native plugins for Editor in 0.00 ms.
Unloading 1100 Unused Serialized files (Serialized files now loaded: 0)
System memory in use before: 60.6 MB.
System memory in use after: 60.6 MB.

Unloading 6 unused Assets to reduce memory usage. Loaded Objects now: 1584.
Total: 2.366000 ms (FindLiveObjects: 0.341800 ms CreateObjectMapping: 0.077900 ms MarkObjects: 1.870700 ms  DeleteObjects: 0.073700 ms)

========================================================================
Received Import Request.
  Time since last request: 20.860175 seconds.
  path: Assets/Scripts/GameManager.cs
  artifactKey: Guid(7b7d610b081909042add4d3272d3aa91) Importer(815301076,1909f56bfc062723c751e8b465ee728b)
Start importing Assets/Scripts/GameManager.cs using Guid(7b7d610b081909042add4d3272d3aa91) Importer(815301076,1909f56bfc062723c751e8b465ee728b)  -> (artifact id: '9b659530f57c64cbfe6d78e277ef150d') in 0.008123 seconds
  Import took 0.011564 seconds .

========================================================================
Received Import Request.
  Time since last request: 0.001234 seconds.
  path: Assets/Scripts/GameManager.cs
  artifactKey: Guid(7b7d610b081909042add4d3272d3aa91) Importer(815301076,1909f56bfc062723c751e8b465ee728b)
Start importing Assets/Scripts/GameManager.cs using Guid(7b7d610b081909042add4d3272d3aa91) Importer(815301076,1909f56bfc062723c751e8b465ee728b)  -> (artifact id: '9b659530f57c64cbfe6d78e277ef150d') in 0.005197 seconds
  Import took 0.008479 seconds .

========================================================================
Received Prepare
Registering precompiled user dll's ...
Registered in 0.001161 seconds.
Begin MonoManager ReloadAssembly
Native extension for WindowsStandalone target not found
Refreshing native plugins compatible for Editor in 0.57 ms, found 0 plugins.
Preloading 0 native plugins for Editor in 0.00 ms.
Invoked RoslynAnalysisRunner static constructor.
RoslynAnalysisRunner will not be running.
RoslynAnalysisRunner has terminated.
Mono: successfully reloaded assembly
- Completed reload, in  2.397 seconds
Platform modules already initialized, skipping
Refreshing native plugins compatible for Editor in 0.25 ms, found 0 plugins.
Preloading 0 native plugins for Editor in 0.00 ms.
Unloading 1101 Unused Serialized files (Serialized files now loaded: 0)
System memory in use before: 60.8 MB.
System memory in use after: 60.8 MB.

Unloading 5 unused Assets to reduce memory usage. Loaded Objects now: 1587.
Total: 2.596800 ms (FindLiveObjects: 0.376900 ms CreateObjectMapping: 0.048300 ms MarkObjects: 2.099200 ms  DeleteObjects: 0.070400 ms)

========================================================================
Received Import Request.
  Time since last request: 945.001906 seconds.
  path: Assets/Scripts/GameManager.cs
  artifactKey: Guid(7b7d610b081909042add4d3272d3aa91) Importer(815301076,1909f56bfc062723c751e8b465ee728b)
Start importing Assets/Scripts/GameManager.cs using Guid(7b7d610b081909042add4d3272d3aa91) Importer(815301076,1909f56bfc062723c751e8b465ee728b)  -> (artifact id: 'ec3e69173789d03f6606caa300c055d2') in 0.017152 seconds
  Import took 0.026520 seconds .

========================================================================
Received Import Request.
  Time since last request: 0.033159 seconds.
  path: Assets/Scripts/GameManager.cs
  artifactKey: Guid(7b7d610b081909042add4d3272d3aa91) Importer(815301076,1909f56bfc062723c751e8b465ee728b)
Start importing Assets/Scripts/GameManager.cs using Guid(7b7d610b081909042add4d3272d3aa91) Importer(815301076,1909f56bfc062723c751e8b465ee728b)  -> (artifact id: 'ec3e69173789d03f6606caa300c055d2') in 0.010124 seconds
  Import took 0.015226 seconds .

========================================================================
Received Prepare
Registering precompiled user dll's ...
Registered in 0.000908 seconds.
Begin MonoManager ReloadAssembly
Native extension for WindowsStandalone target not found
Refreshing native plugins compatible for Editor in 0.21 ms, found 0 plugins.
Preloading 0 native plugins for Editor in 0.00 ms.
Invoked RoslynAnalysisRunner static constructor.
RoslynAnalysisRunner will not be running.
RoslynAnalysisRunner has terminated.
Mono: successfully reloaded assembly
- Completed reload, in  1.503 seconds
Platform modules already initialized, skipping
Refreshing native plugins compatible for Editor in 0.20 ms, found 0 plugins.
Preloading 0 native plugins for Editor in 0.00 ms.
Unloading 1101 Unused Serialized files (Serialized files now loaded: 0)
System memory in use before: 60.9 MB.
System memory in use after: 61.0 MB.

Unloading 5 unused Assets to reduce memory usage. Loaded Objects now: 1589.
Total: 3.151400 ms (FindLiveObjects: 0.203700 ms CreateObjectMapping: 0.760300 ms MarkObjects: 2.108700 ms  DeleteObjects: 0.076200 ms)

========================================================================
Received Import Request.
  Time since last request: 1467.625367 seconds.
  path: Assets/Prefabs/Spawner.prefab
  artifactKey: Guid(b694d751d2e0dbb4dbbc835f80d7a6d4) Importer(815301076,1909f56bfc062723c751e8b465ee728b)
Start importing Assets/Prefabs/Spawner.prefab using Guid(b694d751d2e0dbb4dbbc835f80d7a6d4) Importer(815301076,1909f56bfc062723c751e8b465ee728b)  -> (artifact id: 'd2e2caddfa2dbc2c494c674bab85ad54') in 0.059046 seconds
  Import took 0.067983 seconds .

========================================================================
Received Prepare
Registering precompiled user dll's ...
Registered in 0.001322 seconds.
Begin MonoManager ReloadAssembly
Native extension for WindowsStandalone target not found
Refreshing native plugins compatible for Editor in 0.45 ms, found 0 plugins.
Preloading 0 native plugins for Editor in 0.00 ms.
Invoked RoslynAnalysisRunner static constructor.
RoslynAnalysisRunner will not be running.
RoslynAnalysisRunner has terminated.
Mono: successfully reloaded assembly
- Completed reload, in  2.361 seconds
Platform modules already initialized, skipping
Refreshing native plugins compatible for Editor in 0.60 ms, found 0 plugins.
Preloading 0 native plugins for Editor in 0.00 ms.
Unloading 1101 Unused Serialized files (Serialized files now loaded: 0)
System memory in use before: 61.1 MB.
System memory in use after: 61.2 MB.

Unloading 5 unused Assets to reduce memory usage. Loaded Objects now: 1592.
Total: 3.498400 ms (FindLiveObjects: 0.299000 ms CreateObjectMapping: 0.136500 ms MarkObjects: 3.005100 ms  DeleteObjects: 0.055800 ms)

========================================================================
Received Import Request.
  Time since last request: 11.562290 seconds.
  path: Assets/Prefabs/projectile.prefab
  artifactKey: Guid(8720711b78d320444bed7b3c4a28b52b) Importer(815301076,1909f56bfc062723c751e8b465ee728b)
Start importing Assets/Prefabs/projectile.prefab using Guid(8720711b78d320444bed7b3c4a28b52b) Importer(815301076,1909f56bfc062723c751e8b465ee728b)  -> (artifact id: '762f42c9a5c68484ab8a932ccf66a588') in 0.186454 seconds
  Import took 0.191084 seconds .

========================================================================
Received Import Request.
  Time since last request: 362.892780 seconds.
  path: Assets/Scripts/Meu.cs
  artifactKey: Guid(4abccb4bd2b7bd949a82b3afd2ac86b0) Importer(815301076,1909f56bfc062723c751e8b465ee728b)
Start importing Assets/Scripts/Meu.cs using Guid(4abccb4bd2b7bd949a82b3afd2ac86b0) Importer(815301076,1909f56bfc062723c751e8b465ee728b)  -> (artifact id: '78fd304dfcc1bd49f6497288adefdcb8') in 0.033779 seconds
  Import took 0.038360 seconds .

========================================================================
Received Prepare
Registering precompiled user dll's ...
Registered in 0.001263 seconds.
Begin MonoManager ReloadAssembly
Native extension for WindowsStandalone target not found
Refreshing native plugins compatible for Editor in 0.79 ms, found 0 plugins.
Preloading 0 native plugins for Editor in 0.00 ms.
Invoked RoslynAnalysisRunner static constructor.
RoslynAnalysisRunner will not be running.
RoslynAnalysisRunner has terminated.
Mono: successfully reloaded assembly
- Completed reload, in  3.385 seconds
Platform modules already initialized, skipping
Refreshing native plugins compatible for Editor in 0.34 ms, found 0 plugins.
Preloading 0 native plugins for Editor in 0.00 ms.
Unloading 1101 Unused Serialized files (Serialized files now loaded: 0)
System memory in use before: 61.2 MB.
System memory in use after: 61.3 MB.

Unloading 5 unused Assets to reduce memory usage. Loaded Objects now: 1595.
Total: 3.867900 ms (FindLiveObjects: 0.251700 ms CreateObjectMapping: 0.080600 ms MarkObjects: 3.430900 ms  DeleteObjects: 0.102500 ms)

========================================================================
Received Import Request.
  Time since last request: 14.883604 seconds.
  path: Assets/Scripts/Menu.cs
  artifactKey: Guid(aecf19c79dc828d49bab00108250841f) Importer(815301076,1909f56bfc062723c751e8b465ee728b)
Start importing Assets/Scripts/Menu.cs using Guid(aecf19c79dc828d49bab00108250841f) Importer(815301076,1909f56bfc062723c751e8b465ee728b)  -> (artifact id: '7f427ac294d38fc876dadc7415bfaf64') in 0.089853 seconds
  Import took 0.096909 seconds .

========================================================================
Received Prepare
Registering precompiled user dll's ...
Registered in 0.003567 seconds.
Begin MonoManager ReloadAssembly
Native extension for WindowsStandalone target not found
Refreshing native plugins compatible for Editor in 0.80 ms, found 0 plugins.
Preloading 0 native plugins for Editor in 0.00 ms.
Invoked RoslynAnalysisRunner static constructor.
RoslynAnalysisRunner will not be running.
RoslynAnalysisRunner has terminated.
Mono: successfully reloaded assembly
- Completed reload, in  4.594 seconds
Platform modules already initialized, skipping
Refreshing native plugins compatible for Editor in 0.48 ms, found 0 plugins.
Preloading 0 native plugins for Editor in 0.00 ms.
Unloading 1102 Unused Serialized files (Serialized files now loaded: 0)
System memory in use before: 61.5 MB.
System memory in use after: 61.5 MB.

Unloading 5 unused Assets to reduce memory usage. Loaded Objects now: 1598.
Total: 4.970600 ms (FindLiveObjects: 0.348200 ms CreateObjectMapping: 0.053200 ms MarkObjects: 4.432000 ms  DeleteObjects: 0.133500 ms)

========================================================================
Received Prepare
Registering precompiled user dll's ...
Registered in 0.001321 seconds.
Begin MonoManager ReloadAssembly
Native extension for WindowsStandalone target not found
Refreshing native plugins compatible for Editor in 0.67 ms, found 0 plugins.
Preloading 0 native plugins for Editor in 0.00 ms.
Invoked RoslynAnalysisRunner static constructor.
RoslynAnalysisRunner will not be running.
RoslynAnalysisRunner has terminated.
Mono: successfully reloaded assembly
- Completed reload, in  2.883 seconds
Platform modules already initialized, skipping
Refreshing native plugins compatible for Editor in 0.32 ms, found 0 plugins.
Preloading 0 native plugins for Editor in 0.00 ms.
Unloading 1102 Unused Serialized files (Serialized files now loaded: 0)
System memory in use before: 61.6 MB.
System memory in use after: 61.7 MB.

Unloading 5 unused Assets to reduce memory usage. Loaded Objects now: 1600.
Total: 4.483200 ms (FindLiveObjects: 0.333400 ms CreateObjectMapping: 0.155800 ms MarkObjects: 3.898200 ms  DeleteObjects: 0.093300 ms)

========================================================================
Received Import Request.
  Time since last request: 33.712801 seconds.
  path: Assets/Scripts/Menu.cs
  artifactKey: Guid(aecf19c79dc828d49bab00108250841f) Importer(815301076,1909f56bfc062723c751e8b465ee728b)
Start importing Assets/Scripts/Menu.cs using Guid(aecf19c79dc828d49bab00108250841f) Importer(815301076,1909f56bfc062723c751e8b465ee728b)  -> (artifact id: '5688ea77e6e2fa689dec51df851fefdc') in 0.008146 seconds
  Import took 0.013033 seconds .

========================================================================
Received Prepare
Registering precompiled user dll's ...
Registered in 0.001559 seconds.
Begin MonoManager ReloadAssembly
Native extension for WindowsStandalone target not found
Refreshing native plugins compatible for Editor in 0.31 ms, found 0 plugins.
Preloading 0 native plugins for Editor in 0.00 ms.
Invoked RoslynAnalysisRunner static constructor.
RoslynAnalysisRunner will not be running.
RoslynAnalysisRunner has terminated.
Mono: successfully reloaded assembly
- Completed reload, in  2.096 seconds
Platform modules already initialized, skipping
Refreshing native plugins compatible for Editor in 0.22 ms, found 0 plugins.
Preloading 0 native plugins for Editor in 0.00 ms.
Unloading 1102 Unused Serialized files (Serialized files now loaded: 0)
System memory in use before: 61.8 MB.
System memory in use after: 61.9 MB.

Unloading 5 unused Assets to reduce memory usage. Loaded Objects now: 1602.
Total: 2.162900 ms (FindLiveObjects: 0.190600 ms CreateObjectMapping: 0.062500 ms MarkObjects: 1.836000 ms  DeleteObjects: 0.071800 ms)

========================================================================
Received Prepare
Refreshing native plugins compatible for Editor in 1.30 ms, found 0 plugins.
Preloading 0 native plugins for Editor in 0.00 ms.
Unloading 3 Unused Serialized files (Serialized files now loaded: 0)
System memory in use before: 40.1 MB.
System memory in use after: 40.2 MB.

Unloading 3 unused Assets to reduce memory usage. Loaded Objects now: 1602.
Total: 4.118300 ms (FindLiveObjects: 0.540000 ms CreateObjectMapping: 0.102800 ms MarkObjects: 3.405600 ms  DeleteObjects: 0.065000 ms)

========================================================================
Received Import Request.
  Time since last request: 437.632165 seconds.
  path: Assets/Scenes/StartMenu.unity
  artifactKey: Guid(622ff5a9d3b9830459093eadd3069b64) Importer(815301076,1909f56bfc062723c751e8b465ee728b)
Start importing Assets/Scenes/StartMenu.unity using Guid(622ff5a9d3b9830459093eadd3069b64) Importer(815301076,1909f56bfc062723c751e8b465ee728b)  -> (artifact id: 'dc36cf2761f665d81022132b9c6e8236') in 0.035751 seconds
  Import took 0.039573 seconds .

========================================================================
Received Import Request.
  Time since last request: 1.306946 seconds.
  path: Assets/Scenes/Level1.unity
  artifactKey: Guid(9fc0d4010bbf28b4594072e72b8655ab) Importer(815301076,1909f56bfc062723c751e8b465ee728b)
Start importing Assets/Scenes/Level1.unity using Guid(9fc0d4010bbf28b4594072e72b8655ab) Importer(815301076,1909f56bfc062723c751e8b465ee728b)  -> (artifact id: '1a86417d943d9a2431ec0e185ca62c3f') in 0.007599 seconds
  Import took 0.010659 seconds .

========================================================================
Received Prepare
Registering precompiled user dll's ...
Registered in 0.001562 seconds.
Begin MonoManager ReloadAssembly
Native extension for WindowsStandalone target not found
Refreshing native plugins compatible for Editor in 0.32 ms, found 0 plugins.
Preloading 0 native plugins for Editor in 0.00 ms.
Invoked RoslynAnalysisRunner static constructor.
RoslynAnalysisRunner will not be running.
RoslynAnalysisRunner has terminated.
Mono: successfully reloaded assembly
- Completed reload, in  1.127 seconds
Platform modules already initialized, skipping
Refreshing native plugins compatible for Editor in 0.20 ms, found 0 plugins.
Preloading 0 native plugins for Editor in 0.00 ms.
Unloading 1102 Unused Serialized files (Serialized files now loaded: 0)
System memory in use before: 62.2 MB.
System memory in use after: 62.3 MB.

Unloading 5 unused Assets to reduce memory usage. Loaded Objects now: 1604.
Total: 1.853300 ms (FindLiveObjects: 0.166900 ms CreateObjectMapping: 0.040300 ms MarkObjects: 1.595700 ms  DeleteObjects: 0.049000 ms)

========================================================================
Received Prepare
Registering precompiled user dll's ...
Registered in 0.000913 seconds.
Begin MonoManager ReloadAssembly
Native extension for WindowsStandalone target not found
Refreshing native plugins compatible for Editor in 0.24 ms, found 0 plugins.
Preloading 0 native plugins for Editor in 0.00 ms.
Invoked RoslynAnalysisRunner static constructor.
RoslynAnalysisRunner will not be running.
RoslynAnalysisRunner has terminated.
Mono: successfully reloaded assembly
- Completed reload, in  0.881 seconds
Platform modules already initialized, skipping
Refreshing native plugins compatible for Editor in 0.22 ms, found 0 plugins.
Preloading 0 native plugins for Editor in 0.00 ms.
Unloading 1102 Unused Serialized files (Serialized files now loaded: 0)
System memory in use before: 62.4 MB.
System memory in use after: 62.5 MB.

Unloading 5 unused Assets to reduce memory usage. Loaded Objects now: 1606.
Total: 2.424000 ms (FindLiveObjects: 0.277000 ms CreateObjectMapping: 0.093900 ms MarkObjects: 1.997100 ms  DeleteObjects: 0.054300 ms)

AssetImportWorkerClient::OnTransportError - code=2 error=End of file
